Removed Pin From Net: NetName=VMCU Pin=C8-2
Removed Pin From Net: NetName=VMCU Pin=C9-2
Removed Pin From Net: NetName=VMCU Pin=R4-2
Removed Pin From Net: NetName=VMCU Pin=U4-1
Added Component: Designator=CON1(SmartParks_Rhino)
Add component. Clean all parameters for all variants
Added Component: Designator=D2(SOD-323 2L)
Add component. Clean all parameters for all variants
Add component (AddParameter): Name = "ComponentLink1Description"; Value = "Datasheet"; VariantName = "[No Variations]"
Add component (AddParameter): Name = "ComponentLink1URL"; Value = "D:\altium\Altium_Library\Active\Datasheet\PMEG4005AEA.pdf"; VariantName = "[No Variations]"
Add component (AddParameter): Name = "Manufacturer"; Value = "MICRO COMMERCIAL COMPONENTS"; VariantName = "[No Variations]"
Add component (AddParameter): Name = "Manufacturer Part Number"; Value = "SK34A-TP"; VariantName = "[No Variations]"
Add component (AddParameter): Name = "Pricing 1"; Value = "1=0.736, 10=0.574, 100=0.395, 250=0.328, 500=0.309, 1000=0.287, 5000=0.252, 10000=0.214 (GBP)"; VariantName = "[No Variations]"
Add component (AddParameter): Name = "RoHS"; Value = "Y-EX"; VariantName = "[No Variations]"
Add component (AddParameter): Name = "Stock 1"; Value = "3770"; VariantName = "[No Variations]"
Add component (AddParameter): Name = "Supplier 1"; Value = "Farnell"; VariantName = "[No Variations]"
Add component (AddParameter): Name = "Supplier Part Number 1"; Value = "1924423"; VariantName = "[No Variations]"
Added Pin To Net: NetName=A_INT1 Pin=CON1-1
Added Pin To Net: NetName=A_INT2 Pin=CON1-2
Added Pin To Net: NetName=SDA Pin=CON1-3
Added Pin To Net: NetName=SCL Pin=CON1-4
Added Pin To Net: NetName=VMCU Pin=CON1-5
Added Pin To Net: NetName=GND Pin=CON1-6
Added Pin To Net: NetName=BOOST_EN Pin=CON1-7
Added Pin To Net: NetName=GPS_EN Pin=CON1-8
Added Pin To Net: NetName=GND Pin=CON1-12
Added Pin To Net: NetName=VGPS Pin=CON1-13
Added Pin To Net: NetName=VBAT Pin=CON1-14
Added Pin To Net: NetName=REED Pin=CON1-15
Added Pin To Net: NetName=VMCU Pin=D2-1
Added Pin To Net: NetName=NetC8_2 Pin=C8-2
Added Pin To Net: NetName=NetC8_2 Pin=C9-2
Added Pin To Net: NetName=NetC8_2 Pin=D2-2
Added Pin To Net: NetName=NetC8_2 Pin=R4-2
Added Pin To Net: NetName=NetC8_2 Pin=U4-1
Added Net: Name=NetC8_2
Added Member To Class: ClassName=MAIN_POWER Member=Component CON1 Between PCB connection
Added Member To Class: ClassName=POWER Member=Component D2 PMEG4005AEA,115
