Removed Pin From Net: NetName=+2.5V Pin=C1-2
Removed Pin From Net: NetName=+2.5V Pin=C2-2
Removed Pin From Net: NetName=+2.5V Pin=U1-9
Removed Pin From Net: NetName=+2.5V Pin=U1-10
Removed Pin From Net: NetName=VBAT Pin=U2-3
Added Component: Designator=CON1(SmartParks_Rhino)
Add component. Clean all parameters for all variants
Added Component: Designator=R?(RES0402)
Add component. Clean all parameters for all variants
Add component (AddParameter): Name = "Case/Package"; Value = "0402"; VariantName = "[No Variations]"
Add component (AddParameter): Name = "Case Code (Imperial)"; Value = "0402"; VariantName = "[No Variations]"
Add component (AddParameter): Name = "Case Code (Metric)"; Value = "1005"; VariantName = "[No Variations]"
Add component (AddParameter): Name = "ComponentLink1Description"; Value = "https://datasheet.ciiva.com/46386/1849611-46386524.pdf"; VariantName = "[No Variations]"
Add component (AddParameter): Name = "ComponentLink1URL"; Value = "https://datasheet.ciiva.com/46386/1849611-46386524.pdf"; VariantName = "[No Variations]"
Add component (AddParameter): Name = "Composition"; Value = "Thick Film"; VariantName = "[No Variations]"
Add component (AddParameter): Name = "IRNAS Part No."; Value = "I-100013"; VariantName = "[No Variations]"
Add component (AddParameter): Name = "Manufacturer"; Value = "Multicomp"; VariantName = "[No Variations]"
Add component (AddParameter): Name = "Manufacturer Part Number"; Value = "MCWR04X1003FTL"; VariantName = "[No Variations]"
Add component (AddParameter): Name = "Mount"; Value = "Surface Mount"; VariantName = "[No Variations]"
Add component (AddParameter): Name = "Packaging"; Value = "Cut Tape"; VariantName = "[No Variations]"
Add component (AddParameter): Name = "Power Rating"; Value = "62.5mW"; VariantName = "[No Variations]"
Add component (AddParameter): Name = "Pricing 1"; Value = "10=0.0029, 100=0.0017, 500=0.0012, 2500=0.001, 5000=0.0008 (EUR)"; VariantName = "[No Variations]"
Add component (AddParameter): Name = "REACH SVHC"; Value = "No SVHC"; VariantName = "[No Variations]"
Add component (AddParameter): Name = "Resistance"; Value = "100kR"; VariantName = "[No Variations]"
Add component (AddParameter): Name = "Stock 1"; Value = "161188"; VariantName = "[No Variations]"
Add component (AddParameter): Name = "Supplier 1"; Value = "Farnell"; VariantName = "[No Variations]"
Add component (AddParameter): Name = "Supplier Part Number 1"; Value = "2447094"; VariantName = "[No Variations]"
Add component (AddParameter): Name = "Temperature Coefficient"; Value = "100ppm/°C"; VariantName = "[No Variations]"
Add component (AddParameter): Name = "Tolerance"; Value = "1%"; VariantName = "[No Variations]"
Add component (AddParameter): Name = "Voltage Rating"; Value = "50V"; VariantName = "[No Variations]"
Add component (AddParameter): Name = "Voltage Rating (DC)"; Value = "50V"; VariantName = "[No Variations]"
Added Pin To Net: NetName=A_INT1 Pin=CON1-1
Added Pin To Net: NetName=A_INT2 Pin=CON1-2
Added Pin To Net: NetName=SDA Pin=CON1-3
Added Pin To Net: NetName=SCL Pin=CON1-4
Added Pin To Net: NetName=+2.5V Pin=CON1-5
Added Pin To Net: NetName=GND Pin=CON1-6
Added Pin To Net: NetName=BOOST_EN Pin=CON1-7
Added Pin To Net: NetName=GPS_EN Pin=CON1-8
Added Pin To Net: NetName=GND Pin=CON1-12
Added Pin To Net: NetName=VGPS Pin=CON1-13
Added Pin To Net: NetName=VBAT Pin=CON1-14
Added Pin To Net: NetName=REED Pin=CON1-15
Added Pin To Net: NetName=+2.5V Pin=R11-2
Added Pin To Net: NetName=+2.5V Pin=R12-2
Added Pin To Net: NetName=VBAT Pin=R?-1
Change Net Name : Old Net Name=+2.5V New Net Name=VMCU
Added Pin To Net: NetName=+2.5V Pin=C1-2
Added Pin To Net: NetName=+2.5V Pin=C2-2
Added Pin To Net: NetName=+2.5V Pin=U1-9
Added Pin To Net: NetName=+2.5V Pin=U1-10
Added Net: Name=+2.5V
Added Pin To Net: NetName=NetR?_2 Pin=R?-2
Added Pin To Net: NetName=NetR?_2 Pin=U2-3
Added Net: Name=NetR?_2
Added Member To Class: ClassName=POWER Member=Component C5 100nF
Added Member To Class: ClassName=POWER Member=Component C6 4u7/16V
Added Member To Class: ClassName=POWER Member=Component C7 4u7/16V
Added Member To Class: ClassName=POWER Member=Component C8 22u 6.3V
Added Member To Class: ClassName=POWER Member=Component C9 100nF
Added Member To Class: ClassName=MAIN_POWER Member=Component CON1 Between PCB connection
Added Member To Class: ClassName=POWER Member=Component L1 2.2uH
Added Member To Class: ClassName=POWER Member=Component R3 0R
Added Member To Class: ClassName=POWER Member=Component R4 402k
Added Member To Class: ClassName=POWER Member=Component R5 0R
Added Member To Class: ClassName=POWER Member=Component R6 0R
Added Member To Class: ClassName=POWER Member=Component R7 100k
Added Member To Class: ClassName=POWER Member=Component R9 100R
Added Member To Class: ClassName=POWER Member=Component R10 100k
Added Member To Class: ClassName=POWER Member=Component R? 100k
Added Member To Class: ClassName=POWER Member=Component U4 STBB1-APUR
