Removed Pin From Net: NetName=VMCU Pin=C8-1
Removed Pin From Net: NetName=VMCU Pin=C9-2
Removed Pin From Net: NetName=GND Pin=R3-1
Removed Pin From Net: NetName=VMCU Pin=S1-2
Removed Pin From Net: NetName=VMCU Pin=U3-1
Removed Pin From Net: NetName=GND Pin=U3-2
Removed Pin From Net: NetName=GND Pin=U3-3
Removed Pin From Net: NetName=SCL Pin=U3-4
Removed Pin From Net: NetName=SDA Pin=U3-5
Removed Member From Class: ClassName=LIGHT_REED Member=R3
Removed Member From Class: ClassName=LIGHT_REED Member=S1
Change Component Footprint: Designator=U3 Old Footprint=APDS-9300 New Footprint=APDS-9306
Change Component Comment : Designator=U3 Old Comment=APDS-9300-020 New Comment=APDS-9306-065
Change component parameters: Designator = "U3"; Footprint = "APDS-9306"; UniqueID = "\TTTCOBGL\MJZYEAOO"
Change component parameters. Clean all parameters for all variants
Change component parameters (AddParameter): Name = "Case/Package"; Value = "QFN"; VariantName = "[No Variations]"
Change component parameters (AddParameter): Name = "ComponentLink1Description"; Value = "Datasheet"; VariantName = "[No Variations]"
Change component parameters (AddParameter): Name = "ComponentLink1URL"; Value = "D:\altium\Altium_Library\Active\Datasheet\APDS-9306.pdf"; VariantName = "[No Variations]"
Change component parameters (AddParameter): Name = "Height"; Value = "1mm"; VariantName = "[No Variations]"
Change component parameters (AddParameter): Name = "Interface"; Value = "I2C"; VariantName = "[No Variations]"
Change component parameters (AddParameter): Name = "Length"; Value = "3.1mm"; VariantName = "[No Variations]"
Change component parameters (AddParameter): Name = "Manufacturer"; Value = "TDK InvenSense"; VariantName = "[No Variations]"
Change component parameters (AddParameter): Name = "Manufacturer Part Number"; Value = "MPU-9250"; VariantName = "[No Variations]"
Change component parameters (AddParameter): Name = "Max Operating Temperature"; Value = "85°C"; VariantName = "[No Variations]"
Change component parameters (AddParameter): Name = "Max Supply Voltage"; Value = "3.6V"; VariantName = "[No Variations]"
Change component parameters (AddParameter): Name = "Min Operating Temperature"; Value = "-40°C"; VariantName = "[No Variations]"
Change component parameters (AddParameter): Name = "Min Supply Voltage"; Value = "2.4V"; VariantName = "[No Variations]"
Change component parameters (AddParameter): Name = "Mount"; Value = "Surface Mount"; VariantName = "[No Variations]"
Change component parameters (AddParameter): Name = "Number of Pins"; Value = "24"; VariantName = "[No Variations]"
Change component parameters (AddParameter): Name = "Output Type"; Value = "SPI"; VariantName = "[No Variations]"
Change component parameters (AddParameter): Name = "Package Quantity"; Value = "1"; VariantName = "[No Variations]"
Change component parameters (AddParameter): Name = "RoHS"; Value = "Yes"; VariantName = "[No Variations]"
Change component parameters (AddParameter): Name = "Sensor Type"; Value = "Accelerometer"; VariantName = "[No Variations]"
Change component parameters (AddParameter): Name = "Stock 1"; Value = "0"; VariantName = "[No Variations]"
Change component parameters (AddParameter): Name = "Supplier 1"; Value = "Farnell"; VariantName = "[No Variations]"
Change component parameters (AddParameter): Name = "Supplier 2"; Value = "Mouser"; VariantName = "[No Variations]"
Change component parameters (AddParameter): Name = "Supplier Part Number 1"; Value = "2908903"; VariantName = "[No Variations]"
Change component parameters (AddParameter): Name = "Supplier Part Number 2"; Value = "630-APDS-9306-065"; VariantName = "[No Variations]"
Change component parameters (AddParameter): Name = "Width"; Value = "3.1mm"; VariantName = "[No Variations]"
Added Component: Designator=CON1(SmartParks_Rhino)
Add component. Clean all parameters for all variants
Added Pin To Net: NetName=VGPS Pin=C8-1
Added Pin To Net: NetName=VGPS Pin=C9-2
Added Pin To Net: NetName=SDA Pin=CON1-3
Added Pin To Net: NetName=SCL Pin=CON1-4
Added Pin To Net: NetName=VMCU Pin=CON1-5
Added Pin To Net: NetName=GND Pin=CON1-6
Added Pin To Net: NetName=RX Pin=CON1-9
Added Pin To Net: NetName=TX Pin=CON1-10
Added Pin To Net: NetName=VBKP Pin=CON1-11
Added Pin To Net: NetName=GND Pin=CON1-12
Added Pin To Net: NetName=VGPS Pin=CON1-13
Added Pin To Net: NetName=VBAT Pin=CON1-14
Added Pin To Net: NetName=SCL Pin=U3-1
Added Pin To Net: NetName=SDA Pin=U3-2
Added Pin To Net: NetName=VGPS Pin=U3-3
Added Pin To Net: NetName=GND Pin=U3-6
Added Member To Class: ClassName=MAIN_GPS Member=Component CON1 Between PCB connection
