Removed Pin From Net: NetName=VMCU Pin=CON1-1
Removed Pin From Net: NetName=VGPS Pin=CON1-2
Removed Pin From Net: NetName=VBAT Pin=CON1-3
Removed Pin From Net: NetName=GND Pin=CON1-4
Removed Pin From Net: NetName=VBKP Pin=CON1-5
Removed Pin From Net: NetName=TX Pin=CON1-7
Removed Pin From Net: NetName=RX Pin=CON1-8
Removed Pin From Net: NetName=SCL Pin=CON1-11
Removed Pin From Net: NetName=SDA Pin=CON1-12
Added Pin To Net: NetName=SDA Pin=CON1-3
Added Pin To Net: NetName=SCL Pin=CON1-4
Added Pin To Net: NetName=VMCU Pin=CON1-5
Added Pin To Net: NetName=GND Pin=CON1-6
Added Pin To Net: NetName=RX Pin=CON1-9
Added Pin To Net: NetName=TX Pin=CON1-10
Added Pin To Net: NetName=VBKP Pin=CON1-11
Added Pin To Net: NetName=GND Pin=CON1-12
Added Pin To Net: NetName=VGPS Pin=CON1-13
Added Pin To Net: NetName=VBAT Pin=CON1-14
Added Pin To Net: NetName=GND Pin=CON1-16
