Removed Pin From Net: NetName=VMCU Pin=R4-2
Removed Pin From Net: NetName=GND Pin=R5-2
Removed Pin From Net: NetName=SDA Pin=U1-A2
Removed Pin From Net: NetName=SCL Pin=U1-B1
Removed Pin From Net: NetName=GND Pin=U1-J7
Removed Member From Class: ClassName=LIGHT_REED Member=R4
Removed Member From Class: ClassName=LIGHT_REED Member=R5
Change Component Designator: OldDesignator=S? NewDesignator=S1
Added Component: Designator=X1(LFXTAL009678)
Add component. Clean all parameters for all variants
Add component (AddParameter): Name = "Case/Package"; Value = "217"; VariantName = "[No Variations]"
Add component (AddParameter): Name = "ComponentLink1Description"; Value = "https://datasheet.ciiva.com/46419/1852967-46419749.pdf"; VariantName = "[No Variations]"
Add component (AddParameter): Name = "ComponentLink1URL"; Value = "https://datasheet.ciiva.com/46419/1852967-46419749.pdf"; VariantName = "[No Variations]"
Add component (AddParameter): Name = "Frequency"; Value = "32.8kHz"; VariantName = "[No Variations]"
Add component (AddParameter): Name = "IRNAS Part No."; Value = "/"; VariantName = "[No Variations]"
Add component (AddParameter): Name = "Load Capacitance"; Value = "12.5pF"; VariantName = "[No Variations]"
Add component (AddParameter): Name = "Manufacturer"; Value = "IQD"; VariantName = "[No Variations]"
Add component (AddParameter): Name = "Manufacturer Part Number"; Value = "LFXTAL009678"; VariantName = "[No Variations]"
Add component (AddParameter): Name = "Max Operating Temperature"; Value = "85°C"; VariantName = "[No Variations]"
Add component (AddParameter): Name = "Min Operating Temperature"; Value = "-40°C"; VariantName = "[No Variations]"
Add component (AddParameter): Name = "Number of Pins"; Value = "2"; VariantName = "[No Variations]"
Add component (AddParameter): Name = "Pricing 1"; Value = "5=0.283, 50=0.203, 250=0.169, 500=0.163, 1500=0.157, 3000=0.152, 15000=0.146 (EUR)"; VariantName = "[No Variations]"
Add component (AddParameter): Name = "REACH SVHC"; Value = "No SVHC"; VariantName = "[No Variations]"
Add component (AddParameter): Name = "Stock 1"; Value = "15609"; VariantName = "[No Variations]"
Add component (AddParameter): Name = "Supplier 1"; Value = "Farnell"; VariantName = "[No Variations]"
Add component (AddParameter): Name = "Supplier Part Number 1"; Value = "2449398"; VariantName = "[No Variations]"
Added Pin To Net: NetName=GND Pin=U3-3
Added Pin To Net: NetName=NetU1_J7 Pin=U1-J7
Added Pin To Net: NetName=NetU1_J7 Pin=X1-2
Added Net: Name=NetU1_J7
Added Pin To Net: NetName=NetU1_J8 Pin=U1-J8
Added Pin To Net: NetName=NetU1_J8 Pin=X1-1
Added Net: Name=NetU1_J8
Added Member To Class: ClassName=GPS Member=Component X1 32.768KHZ
