Removed Pin From Net: NetName=LED Pin=U1-37
Change component parameters: Designator = "T1"; Footprint = "SOT23-3AL"; UniqueID = "\RTHKBKZN"
Change component parameters. Clean all parameters for all variants
Change component parameters (AddParameter): Name = "Author"; Value = "Ciril Golob"; VariantName = "[No Variations]"
Change component parameters (AddParameter): Name = "ComponentLINK1Description"; Value = "Datasheet"; VariantName = "[No Variations]"
Change component parameters (AddParameter ignored because duplicated): Name = "ComponentLink1Description"; Value = "Datasheet"; VariantName = "[No Variations]"
Change component parameters (AddParameter): Name = "ComponentLINK1URL"; Value = "c:\ELRADSVN\Altium_Library\Libraries\Active\Datasheet\BSS123.pdf"; VariantName = "[No Variations]"
Change component parameters (AddParameter ignored because duplicated): Name = "ComponentLink1URL"; Value = "C:\ELRADSVN\Altium_Library\Libraries\Active\Datasheet\2N7002ET1G.pdf"; VariantName = "[No Variations]"
Change component parameters (AddParameter): Name = "ComponentLINK2Description"; Value = "Datasheet www"; VariantName = "[No Variations]"
Change component parameters (AddParameter): Name = "ComponentLINK2URL"; Value = "http://www.onsemi.com/pub/Collateral/BSS123-D.PDF"; VariantName = "[No Variations]"
Change component parameters (AddParameter): Name = "Date"; Value = "11.07.2018"; VariantName = "[No Variations]"
Change component parameters (AddParameter): Name = "ELRAD Id sifra / ELRAD Id No"; Value = "597778"; VariantName = "[No Variations]"
Change component parameters (AddParameter): Name = "FIT"; Value = "0.44"; VariantName = "[No Variations]"
Change component parameters (AddParameter): Name = "Komp / Device"; Value = "SMD"; VariantName = "[No Variations]"
Change component parameters (AddParameter): Name = "Manufacturer No"; Value = ""; VariantName = "[No Variations]"
Change component parameters (AddParameter): Name = "Opis / Description"; Value = "MOSFET BSS123       /N-Channel"; VariantName = "[No Variations]"
Change component parameters (AddParameter): Name = "Opomba / Remark"; Value = ""; VariantName = "[No Variations]"
Change component parameters (AddParameter): Name = "Supplier 1"; Value = "Farnell"; VariantName = "[No Variations]"
Change component parameters (AddParameter): Name = "Supplier 2"; Value = "Mouser"; VariantName = "[No Variations]"
Change component parameters (AddParameter): Name = "Supplier Part Number 1"; Value = "2317616"; VariantName = "[No Variations]"
Change component parameters (AddParameter): Name = "Supplier Part Number 2"; Value = "863-2N7002ET1G"; VariantName = "[No Variations]"
Change component parameters (AddParameter): Name = "Toleranca / Tolerance"; Value = ""; VariantName = "[No Variations]"
Change component parameters (AddParameter): Name = "Value"; Value = "BSS123"; VariantName = "[No Variations]"
Change component parameters (AddParameter): Name = "Velikost / Size"; Value = "SOT23"; VariantName = "[No Variations]"
Added Component: Designator=CON1(SmartParks_Rhino)
Add component. Clean all parameters for all variants
Added Pin To Net: NetName=A_INT1 Pin=CON1-1
Added Pin To Net: NetName=A_INT2 Pin=CON1-2
Added Pin To Net: NetName=SDA Pin=CON1-3
Added Pin To Net: NetName=SCL Pin=CON1-4
Added Pin To Net: NetName=VMCU Pin=CON1-5
Added Pin To Net: NetName=GND Pin=CON1-6
Added Pin To Net: NetName=BOOST_EN Pin=CON1-7
Added Pin To Net: NetName=GPS_EN Pin=CON1-8
Added Pin To Net: NetName=GPS_TX Pin=CON1-9
Added Pin To Net: NetName=GPS_RX Pin=CON1-10
Added Pin To Net: NetName=VBKP Pin=CON1-11
Added Pin To Net: NetName=GND Pin=CON1-12
Added Pin To Net: NetName=VGPS Pin=CON1-13
Added Pin To Net: NetName=VBAT Pin=CON1-14
Added Pin To Net: NetName=REED Pin=CON1-15
Added Pin To Net: NetName=LED Pin=U1-33
Added Member To Class: ClassName=MAIN_MCU_LORA Member=Component CON1 Between PCB connection
