Added Component: Designator=C2(CAP0402)
Add component. Clean all parameters for all variants
Added Component: Designator=C3(CAP0402)
Add component. Clean all parameters for all variants
Added Component: Designator=C7(CAP0603)
Add component. Clean all parameters for all variants
Add component (AddParameter): Name = "Manufacturer"; Value = "KEMET"; VariantName = "[No Variations]"
Add component (AddParameter): Name = "Manufacturer Part Number"; Value = "C0603C106M8PACTU"; VariantName = "[No Variations]"
Add component (AddParameter): Name = "Pricing 1"; Value = "10=0.555, 100=0.315, 500=0.238, 1000=0.2, 2000=0.174, 4000=0.143, 20000=0.123 (GBP)"; VariantName = "[No Variations]"
Add component (AddParameter): Name = "Stock 1"; Value = "0"; VariantName = "[No Variations]"
Add component (AddParameter): Name = "Supplier 1"; Value = "Farnell"; VariantName = "[No Variations]"
Add component (AddParameter): Name = "Supplier Part Number 1"; Value = "2820985"; VariantName = "[No Variations]"
Added Component: Designator=CON2(ufl connector smd)
Add component. Clean all parameters for all variants
Add component (AddParameter): Name = "Body Finish"; Value = "Silver"; VariantName = "[No Variations]"
Add component (AddParameter): Name = "Body Material"; Value = "Phosphor Bronze"; VariantName = "[No Variations]"
Add component (AddParameter): Name = "Cable Group"; Value = "-"; VariantName = "[No Variations]"
Add component (AddParameter): Name = "Category"; Value = "Connectors, Interconnects"; VariantName = "[No Variations]"
Add component (AddParameter): Name = "Center Contact Material"; Value = "Brass"; VariantName = "[No Variations]"
Add component (AddParameter): Name = "Center Contact Plating"; Value = "Gold"; VariantName = "[No Variations]"
Add component (AddParameter): Name = "ComponentLink1Description"; Value = "http://www.farnell.com/datasheets/91524.pdf"; VariantName = "[No Variations]"
Add component (AddParameter): Name = "ComponentLink1URL"; Value = "http://www.farnell.com/datasheets/91524.pdf"; VariantName = "[No Variations]"
Add component (AddParameter): Name = "ComponentLink2Description"; Value = "http://uk.rs-online.com/webdocs/1363/0900766b81363563.pdf"; VariantName = "[No Variations]"
Add component (AddParameter): Name = "ComponentLink2URL"; Value = "http://uk.rs-online.com/webdocs/1363/0900766b81363563.pdf"; VariantName = "[No Variations]"
Add component (AddParameter): Name = "ComponentLink3Description"; Value = "http://www.farnell.com/datasheets/1947917.pdf"; VariantName = "[No Variations]"
Add component (AddParameter): Name = "ComponentLink3URL"; Value = "http://www.farnell.com/datasheets/1947917.pdf"; VariantName = "[No Variations]"
Add component (AddParameter): Name = "Connector Style"; Value = "U.FL, Ultra Miniature Coaxial"; VariantName = "[No Variations]"
Add component (AddParameter): Name = "Connector Type"; Value = "Receptacle, Male Pin"; VariantName = "[No Variations]"
Add component (AddParameter): Name = "Contact Termination"; Value = "Solder"; VariantName = "[No Variations]"
Add component (AddParameter): Name = "Dielectric Material"; Value = "Liquid Crystal Polymer (LCP)"; VariantName = "[No Variations]"
Add component (AddParameter): Name = "Family"; Value = "Coaxial Connectors (RF)"; VariantName = "[No Variations]"
Add component (AddParameter): Name = "Fastening Type"; Value = "Snap-On"; VariantName = "[No Variations]"
Add component (AddParameter): Name = "Featured Product"; Value = "U.FL Series Connectors"; VariantName = "[No Variations]"
Add component (AddParameter): Name = "Features"; Value = "-"; VariantName = "[No Variations]"
Add component (AddParameter): Name = "Frequency - Max"; Value = "6GHz"; VariantName = "[No Variations]"
Add component (AddParameter): Name = "Housing Color"; Value = "Beige"; VariantName = "[No Variations]"
Add component (AddParameter): Name = "Impedance"; Value = "50 Ohm"; VariantName = "[No Variations]"
Add component (AddParameter): Name = "Ingress Protection"; Value = "-"; VariantName = "[No Variations]"
Add component (AddParameter): Name = "Manufacturer"; Value = "Hirose"; VariantName = "[No Variations]"
Add component (AddParameter): Name = "Manufacturer Part Number"; Value = "U.FL-R-SMT-1(10)"; VariantName = "[No Variations]"
Add component (AddParameter): Name = "Mounting Type"; Value = "Surface Mount"; VariantName = "[No Variations]"
Add component (AddParameter): Name = "Online Catalog"; Value = "UMCC (Ultra Miniature Coax Connectors), U.FL Series"; VariantName = "[No Variations]"
Add component (AddParameter): Name = "Operating Temperature"; Value = "-40°C ~ 90°C"; VariantName = "[No Variations]"
Add component (AddParameter): Name = "Other Names"; Value = "H11891TR  Q5400621  U.FL-R-SMT-1 10  U.FL-R-SMT-1(10)-ND  UFLRSMT110"; VariantName = "[No Variations]"
Add component (AddParameter): Name = "Packaging"; Value = "Tape & Reel (TR)"; VariantName = "[No Variations]"
Add component (AddParameter): Name = "Series"; Value = "U.FL"; VariantName = "[No Variations]"
Add component (AddParameter): Name = "Shield Termination"; Value = "Solder"; VariantName = "[No Variations]"
Add component (AddParameter): Name = "Standard Package"; Value = "2,500"; VariantName = "[No Variations]"
Add component (AddParameter): Name = "Stock 1"; Value = "0"; VariantName = "[No Variations]"
Add component (AddParameter): Name = "Supplier 1"; Value = "Farnell"; VariantName = "[No Variations]"
Add component (AddParameter): Name = "Supplier Part Number 1"; Value = "1688077"; VariantName = "[No Variations]"
Add component (AddParameter): Name = "Voltage Rating"; Value = "-"; VariantName = "[No Variations]"
Added Component: Designator=R1(RES0603)
Add component. Clean all parameters for all variants
Added Component: Designator=R2(RES0603)
Add component. Clean all parameters for all variants
Added Component: Designator=U1(Lora Module ES0)
Add component. Clean all parameters for all variants
Add component (AddParameter): Name = "ComponentLink1Description"; Value = "Datasheet"; VariantName = "[No Variations]"
Add component (AddParameter): Name = "ComponentLink1URL"; Value = "D:\altium\Altium_Library\Active\Datasheet\CMWX1ZZABZ.pdf"; VariantName = "[No Variations]"
Add component (AddParameter): Name = "Manufacturer"; Value = "Murata"; VariantName = "[No Variations]"
Add component (AddParameter): Name = "Manufacturer Part Number"; Value = "CMWX1ZZABZ-091"; VariantName = "[No Variations]"
Add component (AddParameter): Name = "Pricing 1"; Value = "1=11.7, 5=11.06, 10=9.94, 50=9.54, 100=9.14, 250=8.05 (GBP)"; VariantName = "[No Variations]"
Add component (AddParameter): Name = "Stock 1"; Value = "175"; VariantName = "[No Variations]"
Add component (AddParameter): Name = "Supplier 1"; Value = "Farnell"; VariantName = "[No Variations]"
Add component (AddParameter): Name = "Supplier Part Number 1"; Value = "2802546"; VariantName = "[No Variations]"
Added Pin To Net: NetName=GND Pin=C2-1
Added Pin To Net: NetName=LORA_ANT Pin=C2-2
Added Pin To Net: NetName=GND Pin=C3-1
Added Pin To Net: NetName=NetC1_2 Pin=C3-2
Added Pin To Net: NetName=GND Pin=C7-1
Added Pin To Net: NetName=+2.5V Pin=C7-2
Added Pin To Net: NetName=NetC1_2 Pin=CON2-1
Added Pin To Net: NetName=GND Pin=CON2-2
Added Pin To Net: NetName=GND Pin=CON2-2
Added Pin To Net: NetName=GND Pin=R1-1
Added Pin To Net: NetName=BOOT0 Pin=R1-2
Added Pin To Net: NetName=MCU_nRST Pin=R2-1
Added Pin To Net: NetName=VREF+ Pin=R2-2
Added Pin To Net: NetName=NetU1_1 Pin=U1-1
Added Pin To Net: NetName=GND Pin=U1-3
Added Pin To Net: NetName=+2.5V Pin=U1-4
Added Pin To Net: NetName=+2.5V Pin=U1-5
Added Pin To Net: NetName=+2.5V Pin=U1-6
Added Pin To Net: NetName=GND Pin=U1-7
Added Pin To Net: NetName=PB15 Pin=U1-14
Added Pin To Net: NetName=PB14 Pin=U1-15
Added Pin To Net: NetName=PB13 Pin=U1-16
Added Pin To Net: NetName=PB12 Pin=U1-17
Added Pin To Net: NetName=GPS_RX Pin=U1-18
Added Pin To Net: NetName=GPS_TX Pin=U1-19
Added Pin To Net: NetName=GPS_EN Pin=U1-20
Added Pin To Net: NetName=BOOST_EN Pin=U1-21
Added Pin To Net: NetName=PA4 Pin=U1-22
Added Pin To Net: NetName=PA3 Pin=U1-23
Added Pin To Net: NetName=PA2 Pin=U1-24
Added Pin To Net: NetName=GND Pin=U1-25
Added Pin To Net: NetName=LORA_ANT Pin=U1-26
Added Pin To Net: NetName=GND Pin=U1-27
Added Pin To Net: NetName=VREF+ Pin=U1-32
Added Pin To Net: NetName=PA0 Pin=U1-33
Added Pin To Net: NetName=MCU_nRST Pin=U1-34
Added Pin To Net: NetName=SCL Pin=U1-35
Added Pin To Net: NetName=SDA Pin=U1-36
Added Pin To Net: NetName=PB2 Pin=U1-37
Added Pin To Net: NetName=PB7 Pin=U1-38
Added Pin To Net: NetName=PB6 Pin=U1-39
Added Pin To Net: NetName=PB5 Pin=U1-40
Added Pin To Net: NetName=SWDIO Pin=U1-41
Added Pin To Net: NetName=SWCLK Pin=U1-42
Added Pin To Net: NetName=BOOT0 Pin=U1-43
Added Pin To Net: NetName=GND Pin=U1-44
Added Pin To Net: NetName=NetU1_1 Pin=U1-48
Added Pin To Net: NetName=GND Pin=U1-49
Added Pin To Net: NetName=GND Pin=U1-50
Added Pin To Net: NetName=GND Pin=U1-51
Added Pin To Net: NetName=GND Pin=U1-52
Added Pin To Net: NetName=GND Pin=U1-53
Added Pin To Net: NetName=GND Pin=U1-54
Added Pin To Net: NetName=GND Pin=U1-55
Added Pin To Net: NetName=GND Pin=U1-56
Added Pin To Net: NetName=GND Pin=U1-57
Added Member To Class: ClassName=MAIN Member=Component C2 1pF
Added Member To Class: ClassName=MAIN Member=Component C3 1pF
Added Member To Class: ClassName=MCU Member=Component C7 10uF
Added Member To Class: ClassName=MAIN Member=Component CON2 U.FL-R-SMT-1(10)
Added Member To Class: ClassName=MCU Member=Component R1 10K
Added Member To Class: ClassName=MCU Member=Component R2 10K
Added Member To Class: ClassName=MCU Member=Component U1 CMWX1ZZABZ
Added Room: Name=MAIN
Added Room: Name=MCU
